<?xml version="1.0" encoding="UTF-8" ?>
<testsuite failures="0" time="0.125" errors="0" skipped="0" tests="9" name="com.alibaba.dubbo.rpc.cluster.router.condition.ConditionRouterTest">
  <properties>
    <property name="java.runtime.name" value="Java(TM) SE Runtime Environment"/>
    <property name="sun.boot.library.path" value="D:\devTools\Java\jdk1.6.0_43\jre\bin"/>
    <property name="java.vm.version" value="20.14-b01"/>
    <property name="java.vm.vendor" value="Sun Microsystems Inc."/>
    <property name="java.vendor.url" value="http://java.sun.com/"/>
    <property name="path.separator" value=";"/>
    <property name="guice.disable.misplaced.annotation.check" value="true"/>
    <property name="java.vm.name" value="Java HotSpot(TM) Client VM"/>
    <property name="file.encoding.pkg" value="sun.io"/>
    <property name="user.country" value="CN"/>
    <property name="sun.java.launcher" value="SUN_STANDARD"/>
    <property name="sun.os.patch.level" value="Service Pack 1"/>
    <property name="java.vm.specification.name" value="Java Virtual Machine Specification"/>
    <property name="user.dir" value="C:\Users\Administrator\git\easyway-dubbo"/>
    <property name="java.runtime.version" value="1.6.0_43-b01"/>
    <property name="java.awt.graphicsenv" value="sun.awt.Win32GraphicsEnvironment"/>
    <property name="java.endorsed.dirs" value="D:\devTools\Java\jdk1.6.0_43\jre\lib\endorsed"/>
    <property name="os.arch" value="x86"/>
    <property name="java.io.tmpdir" value="C:\Users\ADMINI~1\AppData\Local\Temp\"/>
    <property name="line.separator" value="
"/>
    <property name="java.vm.specification.vendor" value="Sun Microsystems Inc."/>
    <property name="user.variant" value=""/>
    <property name="os.name" value="Windows 7"/>
    <property name="classworlds.conf" value="D:\devTools\apache-maven-3.1.0\bin\..\bin\m2.conf"/>
    <property name="sun.jnu.encoding" value="GBK"/>
    <property name="java.library.path" value="D:\devTools\Java\jdk1.6.0_43\bin;C:\Windows\Sun\Java\bin;C:\Windows\system32;C:\Windows;D:\devTools\Java\jdk1.6.0_43\bin;C:\Program Files (x86)\Common Files\NetSarang;C:\Windows\system32;D:\devTools\apache-maven-3.1.0\bin;C:\Windows;C:\Windows\System32\Wbem;C:\Windows\System32\WindowsPowerShell\v1.0\;D:\devTools\apache-ant-1.9.4-bin\apache-ant-1.9.4\bin;D:\devTools\Java\jdk1.6.0_43\bin;C:\Program Files\TortoiseSVN\bin;C:\HashiCorp\Vagrant\bin;D:\devTools\sqlplus;D:\devTools\redis_win\redis\redisbin_x64;D:\devTools\thrift\thrift-0.9.1;."/>
    <property name="java.specification.name" value="Java Platform API Specification"/>
    <property name="java.class.version" value="50.0"/>
    <property name="sun.management.compiler" value="HotSpot Client Compiler"/>
    <property name="os.version" value="6.1"/>
    <property name="user.home" value="C:\Users\Administrator"/>
    <property name="user.timezone" value="Asia/Shanghai"/>
    <property name="java.awt.printerjob" value="sun.awt.windows.WPrinterJob"/>
    <property name="file.encoding" value="GBK"/>
    <property name="java.specification.version" value="1.6"/>
    <property name="user.name" value="Administrator"/>
    <property name="java.class.path" value="D:\devTools\apache-maven-3.1.0\bin\..\boot\plexus-classworlds-2.4.2.jar"/>
    <property name="org.slf4j.simpleLogger.defaultLogLevel" value="info"/>
    <property name="java.vm.specification.version" value="1.0"/>
    <property name="sun.arch.data.model" value="32"/>
    <property name="java.home" value="D:\devTools\Java\jdk1.6.0_43\jre"/>
    <property name="sun.java.command" value="org.codehaus.plexus.classworlds.launcher.Launcher install"/>
    <property name="java.specification.vendor" value="Sun Microsystems Inc."/>
    <property name="user.language" value="zh"/>
    <property name="awt.toolkit" value="sun.awt.windows.WToolkit"/>
    <property name="java.vm.info" value="mixed mode, sharing"/>
    <property name="java.version" value="1.6.0_43"/>
    <property name="java.ext.dirs" value="D:\devTools\Java\jdk1.6.0_43\jre\lib\ext;C:\Windows\Sun\Java\lib\ext"/>
    <property name="sun.boot.class.path" value="D:\devTools\Java\jdk1.6.0_43\jre\lib\resources.jar;D:\devTools\Java\jdk1.6.0_43\jre\lib\rt.jar;D:\devTools\Java\jdk1.6.0_43\jre\lib\sunrsasign.jar;D:\devTools\Java\jdk1.6.0_43\jre\lib\jsse.jar;D:\devTools\Java\jdk1.6.0_43\jre\lib\jce.jar;D:\devTools\Java\jdk1.6.0_43\jre\lib\charsets.jar;D:\devTools\Java\jdk1.6.0_43\jre\lib\modules\jdk.boot.jar;D:\devTools\Java\jdk1.6.0_43\jre\classes"/>
    <property name="java.vendor" value="Sun Microsystems Inc."/>
    <property name="maven.home" value="D:\devTools\apache-maven-3.1.0\bin\.."/>
    <property name="file.separator" value="\"/>
    <property name="java.vendor.url.bug" value="http://java.sun.com/cgi-bin/bugreport.cgi"/>
    <property name="sun.cpu.endian" value="little"/>
    <property name="sun.io.unicode.encoding" value="UnicodeLittle"/>
    <property name="sun.desktop" value="windows"/>
    <property name="sun.cpu.isalist" value="pentium_pro+mmx pentium_pro pentium+mmx pentium i486 i386 i86"/>
  </properties>
  <testcase time="0.113" classname="com.alibaba.dubbo.rpc.cluster.router.condition.ConditionRouterTest" name="testRoute_ReturnFalse"/>
  <testcase time="0" classname="com.alibaba.dubbo.rpc.cluster.router.condition.ConditionRouterTest" name="testRoute_ReturnEmpty"/>
  <testcase time="0.012" classname="com.alibaba.dubbo.rpc.cluster.router.condition.ConditionRouterTest" name="testRoute_ReturnAll"/>
  <testcase time="0" classname="com.alibaba.dubbo.rpc.cluster.router.condition.ConditionRouterTest" name="testRoute_HostFilter"/>
  <testcase time="0" classname="com.alibaba.dubbo.rpc.cluster.router.condition.ConditionRouterTest" name="testRoute_Empty_HostFilter"/>
  <testcase time="0" classname="com.alibaba.dubbo.rpc.cluster.router.condition.ConditionRouterTest" name="testRoute_False_HostFilter"/>
  <testcase time="0" classname="com.alibaba.dubbo.rpc.cluster.router.condition.ConditionRouterTest" name="testRoute_Placeholder"/>
  <testcase time="0" classname="com.alibaba.dubbo.rpc.cluster.router.condition.ConditionRouterTest" name="testRoute_NoForce"/>
  <testcase time="0" classname="com.alibaba.dubbo.rpc.cluster.router.condition.ConditionRouterTest" name="testRoute_Force"/>
</testsuite>